0 info it worked if it ends with ok
1 verbose cli [ '/usr/local/bin/node', '/usr/local/bin/npm', 'run', 'dev' ]
2 info using npm@3.10.10
3 info using node@v6.11.4
4 verbose run-script [ 'predev', 'dev', 'postdev' ]
5 info lifecycle gogundum@1.0.0~predev: gogundum@1.0.0
6 silly lifecycle gogundum@1.0.0~predev: no script for predev, continuing
7 info lifecycle gogundum@1.0.0~dev: gogundum@1.0.0
8 verbose lifecycle gogundum@1.0.0~dev: unsafe-perm in lifecycle true
9 verbose lifecycle gogundum@1.0.0~dev: PATH: /usr/local/lib/node_modules/npm/bin/node-gyp-bin:/Users/macbookpro/CODEBASE/ecommerce/gogundam/node_modules/.bin:/Users/macbookpro/.rbenv/shims:/usr/local/bin:/opt/local/var/db/mysql5:/usr/local/git/bin:/sw/bin:/usr/local/bin:/usr/local:/usr/local/sbin:/usr/local/mysql/bin:/opt/X11/bin:/usr/local/bin:/usr/bin:/bin:/usr/sbin:/sbin:/Users/macbookpro/.rbenv/shims:/opt/local/var/db/mysql5:/usr/local/git/bin:/sw/bin:/usr/local:/usr/local/sbin:/usr/local/mysql/bin:/opt/X11/bin:/usr/local/mongodb/bin:/usr/local/bin:/usr/local/mongodb/bin
10 verbose lifecycle gogundum@1.0.0~dev: CWD: /Users/macbookpro/CODEBASE/ecommerce/gogundam
11 silly lifecycle gogundum@1.0.0~dev: Args: [ '-c', 'nodemon index.js --ignore client' ]
12 info lifecycle gogundum@1.0.0~dev: Failed to exec dev script
13 verbose stack Error: gogundum@1.0.0 dev: `nodemon index.js --ignore client`
13 verbose stack spawn ENOENT
13 verbose stack     at ChildProcess.<anonymous> (/usr/local/lib/node_modules/npm/lib/utils/spawn.js:33:16)
13 verbose stack     at emitTwo (events.js:106:13)
13 verbose stack     at ChildProcess.emit (events.js:191:7)
13 verbose stack     at maybeClose (internal/child_process.js:920:16)
13 verbose stack     at Process.ChildProcess._handle.onexit (internal/child_process.js:230:5)
14 verbose pkgid gogundum@1.0.0
15 verbose cwd /Users/macbookpro/CODEBASE/ecommerce/gogundam
16 error Darwin 16.7.0
17 error argv "/usr/local/bin/node" "/usr/local/bin/npm" "run" "dev"
18 error node v6.11.4
19 error npm  v3.10.10
20 error file sh
21 error code ELIFECYCLE
22 error errno ENOENT
23 error syscall spawn
24 error gogundum@1.0.0 dev: `nodemon index.js --ignore client`
24 error spawn ENOENT
25 error Failed at the gogundum@1.0.0 dev script 'nodemon index.js --ignore client'.
25 error Make sure you have the latest version of node.js and npm installed.
25 error If you do, this is most likely a problem with the gogundum package,
25 error not with npm itself.
25 error Tell the author that this fails on your system:
25 error     nodemon index.js --ignore client
25 error You can get information on how to open an issue for this project with:
25 error     npm bugs gogundum
25 error Or if that isn't available, you can get their info via:
25 error     npm owner ls gogundum
25 error There is likely additional logging output above.
26 verbose exit [ 1, true ]
